{"context":"NestFactory","level":"info","message":"Starting Nest application..."}
{"context":"InstanceLoader","level":"info","message":"MongooseModule dependencies initialized"}
{"context":"InstanceLoader","level":"info","message":"PassportModule dependencies initialized"}
{"context":"InstanceLoader","level":"info","message":"WinstonModule dependencies initialized"}
{"context":"InstanceLoader","level":"info","message":"ThrottlerModule dependencies initialized"}
{"context":"InstanceLoader","level":"info","message":"ConfigHostModule dependencies initialized"}
{"context":"InstanceLoader","level":"info","message":"PrometheusModule dependencies initialized"}
{"context":"InstanceLoader","level":"info","message":"ConfigModule dependencies initialized"}
{"context":"InstanceLoader","level":"info","message":"ConfigModule dependencies initialized"}
{"context":"InstanceLoader","level":"info","message":"AppModule dependencies initialized"}
{"context":"InstanceLoader","level":"info","message":"JwtModule dependencies initialized"}
{"context":"InstanceLoader","level":"info","message":"MongooseCoreModule dependencies initialized"}
{"context":"InstanceLoader","level":"info","message":"MongooseModule dependencies initialized"}
{"context":"InstanceLoader","level":"info","message":"MongooseModule dependencies initialized"}
{"context":"InstanceLoader","level":"info","message":"ProductModule dependencies initialized"}
{"context":"InstanceLoader","level":"info","message":"AuthModule dependencies initialized"}
{"context":"InstanceLoader","level":"info","message":"UserModule dependencies initialized"}
{"context":"RoutesResolver","level":"info","message":"AppController {/}:"}
{"context":"RouterExplorer","level":"info","message":"Mapped {/, GET} route"}
{"context":"RoutesResolver","level":"info","message":"PrometheusController {/metrics}:"}
{"context":"RouterExplorer","level":"info","message":"Mapped {/metrics, GET} route"}
{"context":"RoutesResolver","level":"info","message":"UserController {/users}:"}
{"context":"RouterExplorer","level":"info","message":"Mapped {/users, POST} route"}
{"context":"RouterExplorer","level":"info","message":"Mapped {/users, GET} route"}
{"context":"RouterExplorer","level":"info","message":"Mapped {/users/:id, GET} route"}
{"context":"RouterExplorer","level":"info","message":"Mapped {/users/:id, PUT} route"}
{"context":"RouterExplorer","level":"info","message":"Mapped {/users/:id, DELETE} route"}
{"context":"RoutesResolver","level":"info","message":"AuthController {/auth}:"}
{"context":"RouterExplorer","level":"info","message":"Mapped {/auth/login, POST} route"}
{"context":"RouterExplorer","level":"info","message":"Mapped {/auth/register, POST} route"}
{"context":"RoutesResolver","level":"info","message":"ProductController {/products}:"}
{"context":"RouterExplorer","level":"info","message":"Mapped {/products, POST} route"}
{"context":"RouterExplorer","level":"info","message":"Mapped {/products, GET} route"}
{"context":"RouterExplorer","level":"info","message":"Mapped {/products/:id, GET} route"}
{"context":"RouterExplorer","level":"info","message":"Mapped {/products/:id, PATCH} route"}
{"context":"RouterExplorer","level":"info","message":"Mapped {/products/:id, DELETE} route"}
{"context":"RouterExplorer","level":"info","message":"Mapped {/products/search, POST} route"}
{"context":"NestApplication","level":"info","message":"Nest application successfully started"}
{"context":"NestFactory","level":"info","message":"Starting Nest application..."}
{"context":"InstanceLoader","level":"info","message":"MongooseModule dependencies initialized"}
{"context":"InstanceLoader","level":"info","message":"PassportModule dependencies initialized"}
{"context":"InstanceLoader","level":"info","message":"WinstonModule dependencies initialized"}
{"context":"InstanceLoader","level":"info","message":"ThrottlerModule dependencies initialized"}
{"context":"InstanceLoader","level":"info","message":"ConfigHostModule dependencies initialized"}
{"context":"InstanceLoader","level":"info","message":"PrometheusModule dependencies initialized"}
{"context":"InstanceLoader","level":"info","message":"ConfigModule dependencies initialized"}
{"context":"InstanceLoader","level":"info","message":"ConfigModule dependencies initialized"}
{"context":"InstanceLoader","level":"info","message":"AppModule dependencies initialized"}
{"context":"InstanceLoader","level":"info","message":"JwtModule dependencies initialized"}
{"context":"InstanceLoader","level":"info","message":"MongooseCoreModule dependencies initialized"}
{"context":"InstanceLoader","level":"info","message":"MongooseModule dependencies initialized"}
{"context":"InstanceLoader","level":"info","message":"MongooseModule dependencies initialized"}
{"context":"InstanceLoader","level":"info","message":"ProductModule dependencies initialized"}
{"context":"InstanceLoader","level":"info","message":"AuthModule dependencies initialized"}
{"context":"InstanceLoader","level":"info","message":"UserModule dependencies initialized"}
{"context":"RoutesResolver","level":"info","message":"AppController {/}:"}
{"context":"RouterExplorer","level":"info","message":"Mapped {/, GET} route"}
{"context":"RoutesResolver","level":"info","message":"PrometheusController {/metrics}:"}
{"context":"RouterExplorer","level":"info","message":"Mapped {/metrics, GET} route"}
{"context":"RoutesResolver","level":"info","message":"UserController {/users}:"}
{"context":"RouterExplorer","level":"info","message":"Mapped {/users, POST} route"}
{"context":"RouterExplorer","level":"info","message":"Mapped {/users, GET} route"}
{"context":"RouterExplorer","level":"info","message":"Mapped {/users/:id, GET} route"}
{"context":"RouterExplorer","level":"info","message":"Mapped {/users/:id, PUT} route"}
{"context":"RouterExplorer","level":"info","message":"Mapped {/users/:id, DELETE} route"}
{"context":"RoutesResolver","level":"info","message":"AuthController {/auth}:"}
{"context":"RouterExplorer","level":"info","message":"Mapped {/auth/login, POST} route"}
{"context":"RouterExplorer","level":"info","message":"Mapped {/auth/register, POST} route"}
{"context":"RoutesResolver","level":"info","message":"ProductController {/products}:"}
{"context":"RouterExplorer","level":"info","message":"Mapped {/products, POST} route"}
{"context":"RouterExplorer","level":"info","message":"Mapped {/products, GET} route"}
{"context":"RouterExplorer","level":"info","message":"Mapped {/products/:id, GET} route"}
{"context":"RouterExplorer","level":"info","message":"Mapped {/products/:id, PATCH} route"}
{"context":"RouterExplorer","level":"info","message":"Mapped {/products/:id, DELETE} route"}
{"context":"RouterExplorer","level":"info","message":"Mapped {/products/search, POST} route"}
{"context":"NestApplication","level":"info","message":"Nest application successfully started"}
